{
  "0 debug pnpm:scope": {
    "selected": 1,
    "workspacePrefix": "C:\\Users\\Administrator\\Desktop\\code\\westone-editor"
  },
  "1 error pnpm": {
    "errno": 1,
    "code": "ELIFECYCLE",
    "pkgid": "westone-editor@0.0.0",
    "stage": "server",
    "script": "pnpm run --fileter server server",
    "pkgname": "westone-editor",
    "err": {
      "name": "pnpm",
      "message": "westone-editor@0.0.0 server: `pnpm run --fileter server server`\nExit status 1",
      "code": "ELIFECYCLE",
      "stack": "pnpm: westone-editor@0.0.0 server: `pnpm run --fileter server server`\nExit status 1\n    at EventEmitter.<anonymous> (C:\\Users\\Administrator\\AppData\\Roaming\\npm\\node_modules\\pnpm\\dist\\pnpm.cjs:108415:20)\n    at EventEmitter.emit (node:events:527:28)\n    at ChildProcess.<anonymous> (C:\\Users\\Administrator\\AppData\\Roaming\\npm\\node_modules\\pnpm\\dist\\pnpm.cjs:94981:18)\n    at ChildProcess.emit (node:events:527:28)\n    at maybeClose (node:internal/child_process:1092:16)\n    at Process.ChildProcess._handle.onexit (node:internal/child_process:302:5)"
    }
  }
}